current directory: /Users/rmease/repos/personal/Athira/vendor/bundle/ruby/2.6.0/gems/nokogiri-1.8.2/ext/nokogiri
/opt/homebrew/opt/ruby@2.6/bin/ruby -I /opt/homebrew/Cellar/ruby@2.6/2.6.10/lib/ruby/2.6.0 -r ./siteconf20230126-71459-wfnxo9.rb extconf.rb
checking if the C compiler accepts ... yes
checking if the C compiler accepts -Wno-error=unused-command-line-argument-hard-error-in-future... no
Building nokogiri using packaged libraries.
Using mini_portile version 2.3.0
checking for iconv.h... yes
checking for gzdopen() in -lz... yes
checking for iconv using --with-opt-* flags... yes
************************************************************************
IMPORTANT NOTICE:

Building Nokogiri with a packaged version of libxml2-2.9.7.

Team Nokogiri will keep on doing their best to provide security
updates in a timely manner, but if this is a concern for you and want
to use the system library instead; abort this installation process and
reinstall nokogiri as follows:

    gem install nokogiri -- --use-system-libraries
        [--with-xml2-config=/path/to/xml2-config]
        [--with-xslt-config=/path/to/xslt-config]

If you are using Bundler, tell it to use the option:

    bundle config build.nokogiri --use-system-libraries
    bundle install

Note, however, that nokogiri is not fully compatible with arbitrary
versions of libxml2 provided by OS/package vendors.
************************************************************************
Extracting libxml2-2.9.7.tar.gz into tmp/aarch64-apple-darwin21.3.0/ports/libxml2/2.9.7... OK
Running 'configure' for libxml2 2.9.7... OK
Running 'compile' for libxml2 2.9.7... ERROR, review '/Users/rmease/repos/personal/Athira/vendor/bundle/ruby/2.6.0/gems/nokogiri-1.8.2/ext/nokogiri/tmp/aarch64-apple-darwin21.3.0/ports/libxml2/2.9.7/compile.log' to see what happened. Last lines are:
========================================================================
    int output = 0;
        ^
encoding.c:2567:9: warning: variable 'writtentot' set but not used [-Wunused-but-set-variable]
    int writtentot = 0;
        ^
7 warnings generated.
  CC       error.lo
  CC       parserInternals.lo
  CC       parser.lo
  CC       tree.lo
  CC       hash.lo
  CC       list.lo
  CC       xmlIO.lo
xmlIO.c:1357:52: error: use of undeclared identifier 'LZMA_OK'
    ret =  (__libxml2_xzclose((xzFile) context) == LZMA_OK ) ? 0 : -1;
                                                   ^
1 error generated.
make[2]: *** [xmlIO.lo] Error 1
make[1]: *** [all-recursive] Error 1
make: *** [all] Error 2
========================================================================
*** extconf.rb failed ***
Could not create Makefile due to some reason, probably lack of necessary
libraries and/or headers.  Check the mkmf.log file for more details.  You may
need configuration options.

Provided configuration options:
	--with-opt-dir
	--with-opt-include
	--without-opt-include=${opt-dir}/include
	--with-opt-lib
	--without-opt-lib=${opt-dir}/lib
	--with-make-prog
	--without-make-prog
	--srcdir=.
	--curdir
	--ruby=/opt/homebrew/Cellar/ruby@2.6/2.6.10/bin/$(RUBY_BASE_NAME)
	--help
	--clean
	--use-system-libraries
	--enable-static
	--disable-static
	--with-zlib-dir
	--without-zlib-dir
	--with-zlib-include
	--without-zlib-include=${zlib-dir}/include
	--with-zlib-lib
	--without-zlib-lib=${zlib-dir}/lib
	--enable-cross-build
	--disable-cross-build
/Users/rmease/repos/personal/Athira/vendor/bundle/ruby/2.6.0/gems/mini_portile2-2.3.0/lib/mini_portile2/mini_portile.rb:402:in `block in execute': Failed to complete compile task (RuntimeError)
	from /Users/rmease/repos/personal/Athira/vendor/bundle/ruby/2.6.0/gems/mini_portile2-2.3.0/lib/mini_portile2/mini_portile.rb:373:in `chdir'
	from /Users/rmease/repos/personal/Athira/vendor/bundle/ruby/2.6.0/gems/mini_portile2-2.3.0/lib/mini_portile2/mini_portile.rb:373:in `execute'
	from /Users/rmease/repos/personal/Athira/vendor/bundle/ruby/2.6.0/gems/mini_portile2-2.3.0/lib/mini_portile2/mini_portile.rb:115:in `compile'
	from /Users/rmease/repos/personal/Athira/vendor/bundle/ruby/2.6.0/gems/mini_portile2-2.3.0/lib/mini_portile2/mini_portile.rb:154:in `cook'
	from extconf.rb:365:in `block (2 levels) in process_recipe'
	from extconf.rb:257:in `block in chdir_for_build'
	from extconf.rb:256:in `chdir'
	from extconf.rb:256:in `chdir_for_build'
	from extconf.rb:364:in `block in process_recipe'
	from extconf.rb:262:in `tap'
	from extconf.rb:262:in `process_recipe'
	from extconf.rb:551:in `<main>'

To see why this extension failed to compile, please check the mkmf.log which can be found here:

  /Users/rmease/repos/personal/Athira/vendor/bundle/ruby/2.6.0/extensions/arm64-darwin-21/2.6.0/nokogiri-1.8.2/mkmf.log

extconf failed, exit code 1
